<?xml version="1.0" encoding="UTF-8"?>
<testsuite xmlns:xsi="http://www.w3.org/2001/XMLSchema-instance" xsi:noNamespaceSchemaLocation="https://maven.apache.org/surefire/maven-surefire-plugin/xsd/surefire-test-report-3.0.xsd" version="3.0" name="com.igor.CalculadoraTest" time="2.864" tests="3" errors="0" skipped="0" failures="0">
  <properties>
[...]
</properties>
  <testcase name="deveSubtrairDoisNumeros" classname="com.igor.CalculadoraTest" time="1.325">
    <system-out><![CDATA[Resposta TestRail: 200
]]></system-out>
  </testcase>
  <testcase name="deveSomarDoisNumeros" classname="com.igor.CalculadoraTest" time="0.702">
    <system-out><![CDATA[Resposta TestRail: 200
]]></system-out>
  </testcase>
  <testcase name="deveLancarErroAoDividirPorZero" classname="com.igor.CalculadoraTest" time="0.808">
    <system-out><![CDATA[Resposta TestRail: 200
]]></system-out>
  </testcase>
</testsuite>